{"ip":"::1","level":"info","method":"GET","msg":"Incoming Request","path":"/","time":"2026-03-20T11:19:28+09:00"}
{"ip":"::1","level":"info","method":"GET","msg":"Incoming Request","path":"/static/style.css","time":"2026-03-20T11:19:28+09:00"}
{"ip":"::1","level":"info","method":"GET","msg":"Incoming Request","path":"/static/common.js","time":"2026-03-20T11:19:28+09:00"}
{"ip":"::1","level":"info","method":"GET","msg":"Incoming Request","path":"/static/auth.js","time":"2026-03-20T11:19:28+09:00"}
{"ip":"::1","level":"info","method":"GET","msg":"Incoming Request","path":"/static/router.js","time":"2026-03-20T11:19:28+09:00"}
{"ip":"::1","level":"info","method":"GET","msg":"Incoming Request","path":"/static/compose.js","time":"2026-03-20T11:19:28+09:00"}
{"ip":"::1","level":"info","method":"GET","msg":"Incoming Request","path":"/static/board.js","time":"2026-03-20T11:19:28+09:00"}
{"ip":"::1","level":"info","method":"GET","msg":"Incoming Request","path":"/static/post.js","time":"2026-03-20T11:19:28+09:00"}
{"ip":"::1","level":"info","method":"GET","msg":"Incoming Request","path":"/static/account.js","time":"2026-03-20T11:19:28+09:00"}
{"ip":"::1","level":"info","method":"GET","msg":"Incoming Request","path":"/static/banking.js","time":"2026-03-20T11:19:28+09:00"}
{"ip":"::1","level":"info","method":"GET","msg":"Incoming Request","path":"/","time":"2026-03-20T11:33:17+09:00"}
{"ip":"::1","level":"info","method":"GET","msg":"Incoming Request","path":"/static/style.css","time":"2026-03-20T11:33:17+09:00"}
{"ip":"::1","level":"info","method":"GET","msg":"Incoming Request","path":"/static/common.js","time":"2026-03-20T11:33:17+09:00"}
{"ip":"::1","level":"info","method":"GET","msg":"Incoming Request","path":"/static/router.js","time":"2026-03-20T11:33:17+09:00"}
{"ip":"::1","level":"info","method":"GET","msg":"Incoming Request","path":"/static/auth.js","time":"2026-03-20T11:33:17+09:00"}
{"ip":"::1","level":"info","method":"GET","msg":"Incoming Request","path":"/static/board.js","time":"2026-03-20T11:33:17+09:00"}
{"ip":"::1","level":"info","method":"GET","msg":"Incoming Request","path":"/static/compose.js","time":"2026-03-20T11:33:17+09:00"}
{"ip":"::1","level":"info","method":"GET","msg":"Incoming Request","path":"/static/post.js","time":"2026-03-20T11:33:17+09:00"}
{"ip":"::1","level":"info","method":"GET","msg":"Incoming Request","path":"/static/account.js","time":"2026-03-20T11:33:17+09:00"}
{"ip":"::1","level":"info","method":"GET","msg":"Incoming Request","path":"/static/banking.js","time":"2026-03-20T11:33:17+09:00"}
{"ip":"::1","level":"info","method":"GET","msg":"Incoming Request","path":"/","time":"2026-03-20T11:33:22+09:00"}
{"ip":"::1","level":"info","method":"GET","msg":"Incoming Request","path":"/static/style.css","time":"2026-03-20T11:33:22+09:00"}
{"ip":"::1","level":"info","method":"GET","msg":"Incoming Request","path":"/static/common.js","time":"2026-03-20T11:33:22+09:00"}
{"ip":"::1","level":"info","method":"GET","msg":"Incoming Request","path":"/static/router.js","time":"2026-03-20T11:33:22+09:00"}
{"ip":"::1","level":"info","method":"GET","msg":"Incoming Request","path":"/static/auth.js","time":"2026-03-20T11:33:22+09:00"}
{"ip":"::1","level":"info","method":"GET","msg":"Incoming Request","path":"/static/board.js","time":"2026-03-20T11:33:22+09:00"}
{"ip":"::1","level":"info","method":"GET","msg":"Incoming Request","path":"/static/compose.js","time":"2026-03-20T11:33:22+09:00"}
{"ip":"::1","level":"info","method":"GET","msg":"Incoming Request","path":"/static/post.js","time":"2026-03-20T11:33:22+09:00"}
{"ip":"::1","level":"info","method":"GET","msg":"Incoming Request","path":"/static/account.js","time":"2026-03-20T11:33:22+09:00"}
{"ip":"::1","level":"info","method":"GET","msg":"Incoming Request","path":"/static/banking.js","time":"2026-03-20T11:33:22+09:00"}
{"ip":"::1","level":"info","method":"POST","msg":"Incoming Request","path":"/api/auth/login","time":"2026-03-20T11:33:30+09:00"}
{"ip":"::1","level":"info","method":"GET","msg":"Incoming Request","path":"/api/posts","time":"2026-03-20T11:33:31+09:00"}
{"ip":"::1","level":"info","method":"GET","msg":"Incoming Request","path":"/api/posts","time":"2026-03-20T11:34:05+09:00"}
{"ip":"::1","level":"info","method":"POST","msg":"Incoming Request","path":"/api/auth/register","time":"2026-03-20T11:34:14+09:00"}
{"ip":"::1","level":"info","method":"POST","msg":"Incoming Request","path":"/api/auth/register","time":"2026-03-20T11:45:09+09:00"}
{"ip":"::1","level":"info","method":"POST","msg":"Incoming Request","path":"/api/auth/register","time":"2026-03-20T11:45:15+09:00"}
{"ip":"::1","level":"info","method":"POST","msg":"Incoming Request","path":"/api/auth/register","time":"2026-03-20T11:45:29+09:00"}
{"ip":"::1","level":"info","method":"POST","msg":"Incoming Request","path":"/api/auth/register","time":"2026-03-20T11:48:59+09:00"}
{"ip":"::1","level":"info","method":"POST","msg":"Incoming Request","path":"/api/auth/register","time":"2026-03-20T11:49:52+09:00"}
{"ip":"::1","level":"info","method":"GET","msg":"Incoming Request","path":"/api/posts","time":"2026-03-20T11:53:00+09:00"}
{"ip":"::1","level":"info","method":"GET","msg":"Incoming Request","path":"/","time":"2026-03-20T11:53:06+09:00"}
{"ip":"::1","level":"info","method":"GET","msg":"Incoming Request","path":"/static/style.css","time":"2026-03-20T11:53:06+09:00"}
{"ip":"::1","level":"info","method":"GET","msg":"Incoming Request","path":"/static/common.js","time":"2026-03-20T11:53:06+09:00"}
{"ip":"::1","level":"info","method":"GET","msg":"Incoming Request","path":"/static/router.js","time":"2026-03-20T11:53:06+09:00"}
{"ip":"::1","level":"info","method":"GET","msg":"Incoming Request","path":"/static/auth.js","time":"2026-03-20T11:53:06+09:00"}
{"ip":"::1","level":"info","method":"GET","msg":"Incoming Request","path":"/static/board.js","time":"2026-03-20T11:53:06+09:00"}
{"ip":"::1","level":"info","method":"GET","msg":"Incoming Request","path":"/static/post.js","time":"2026-03-20T11:53:06+09:00"}
{"ip":"::1","level":"info","method":"GET","msg":"Incoming Request","path":"/static/compose.js","time":"2026-03-20T11:53:06+09:00"}
{"ip":"::1","level":"info","method":"GET","msg":"Incoming Request","path":"/static/banking.js","time":"2026-03-20T11:53:06+09:00"}
{"ip":"::1","level":"info","method":"GET","msg":"Incoming Request","path":"/static/account.js","time":"2026-03-20T11:53:06+09:00"}
{"ip":"::1","level":"info","method":"GET","msg":"Incoming Request","path":"/","time":"2026-03-20T11:53:19+09:00"}
{"ip":"::1","level":"info","method":"GET","msg":"Incoming Request","path":"/static/style.css","time":"2026-03-20T11:53:19+09:00"}
{"ip":"::1","level":"info","method":"GET","msg":"Incoming Request","path":"/static/common.js","time":"2026-03-20T11:53:19+09:00"}
{"ip":"::1","level":"info","method":"GET","msg":"Incoming Request","path":"/static/router.js","time":"2026-03-20T11:53:19+09:00"}
{"ip":"::1","level":"info","method":"GET","msg":"Incoming Request","path":"/static/auth.js","time":"2026-03-20T11:53:19+09:00"}
{"ip":"::1","level":"info","method":"GET","msg":"Incoming Request","path":"/static/board.js","time":"2026-03-20T11:53:19+09:00"}
{"ip":"::1","level":"info","method":"GET","msg":"Incoming Request","path":"/static/compose.js","time":"2026-03-20T11:53:19+09:00"}
{"ip":"::1","level":"info","method":"GET","msg":"Incoming Request","path":"/static/post.js","time":"2026-03-20T11:53:19+09:00"}
{"ip":"::1","level":"info","method":"GET","msg":"Incoming Request","path":"/static/account.js","time":"2026-03-20T11:53:20+09:00"}
{"ip":"::1","level":"info","method":"GET","msg":"Incoming Request","path":"/static/banking.js","time":"2026-03-20T11:53:20+09:00"}
{"ip":"::1","level":"info","method":"GET","msg":"Incoming Request","path":"/favicon.ico","time":"2026-03-20T11:53:20+09:00"}
{"ip":"::1","level":"info","method":"POST","msg":"Incoming Request","path":"/api/auth/register","time":"2026-03-20T11:53:45+09:00"}
{"ip":"::1","level":"info","method":"GET","msg":"Incoming Request","path":"/","time":"2026-03-20T11:55:32+09:00"}
{"ip":"::1","level":"info","method":"GET","msg":"Incoming Request","path":"/static/style.css","time":"2026-03-20T11:55:32+09:00"}
{"ip":"::1","level":"info","method":"GET","msg":"Incoming Request","path":"/static/common.js","time":"2026-03-20T11:55:32+09:00"}
{"ip":"::1","level":"info","method":"GET","msg":"Incoming Request","path":"/static/post.js","time":"2026-03-20T11:55:32+09:00"}
{"ip":"::1","level":"info","method":"GET","msg":"Incoming Request","path":"/static/compose.js","time":"2026-03-20T11:55:32+09:00"}
{"ip":"::1","level":"info","method":"GET","msg":"Incoming Request","path":"/static/router.js","time":"2026-03-20T11:55:32+09:00"}
{"ip":"::1","level":"info","method":"GET","msg":"Incoming Request","path":"/static/board.js","time":"2026-03-20T11:55:32+09:00"}
{"ip":"::1","level":"info","method":"GET","msg":"Incoming Request","path":"/static/auth.js","time":"2026-03-20T11:55:32+09:00"}
{"ip":"::1","level":"info","method":"GET","msg":"Incoming Request","path":"/static/account.js","time":"2026-03-20T11:55:32+09:00"}
{"ip":"::1","level":"info","method":"GET","msg":"Incoming Request","path":"/static/banking.js","time":"2026-03-20T11:55:32+09:00"}
{"ip":"::1","level":"info","method":"POST","msg":"Incoming Request","path":"/api/auth/register","time":"2026-03-20T11:55:41+09:00"}
{"ip":"::1","level":"info","method":"POST","msg":"Incoming Request","path":"/api/auth/register","time":"2026-03-20T11:56:37+09:00"}
{"ip":"::1","level":"info","method":"POST","msg":"Incoming Request","path":"/api/auth/register","time":"2026-03-20T11:57:17+09:00"}
{"ip":"::1","level":"info","method":"POST","msg":"Incoming Request","path":"/api/auth/register","time":"2026-03-20T11:58:40+09:00"}
{"ip":"::1","level":"info","method":"POST","msg":"Incoming Request","path":"/api/auth/register","time":"2026-03-20T11:59:43+09:00"}
{"ip":"::1","level":"info","method":"POST","msg":"Incoming Request","path":"/api/auth/register","time":"2026-03-20T11:59:50+09:00"}
{"ip":"::1","level":"info","method":"POST","msg":"Incoming Request","path":"/api/auth/register","time":"2026-03-20T12:00:07+09:00"}
{"ip":"::1","level":"info","method":"POST","msg":"Incoming Request","path":"/api/auth/register","time":"2026-03-20T12:00:50+09:00"}
{"ip":"::1","level":"info","method":"POST","msg":"Incoming Request","path":"/api/auth/register","time":"2026-03-20T12:03:09+09:00"}
{"ip":"::1","level":"info","method":"POST","msg":"Incoming Request","path":"/api/auth/register","time":"2026-03-20T12:03:39+09:00"}
{"ip":"::1","level":"info","method":"GET","msg":"Incoming Request","path":"/api/posts","time":"2026-03-20T12:07:28+09:00"}
{"ip":"::1","level":"info","method":"GET","msg":"Incoming Request","path":"/api/posts/1","time":"2026-03-20T12:07:29+09:00"}
{"ip":"::1","level":"info","method":"GET","msg":"Incoming Request","path":"/api/me","time":"2026-03-20T12:07:30+09:00"}
{"ip":"::1","level":"info","method":"POST","msg":"Incoming Request","path":"/api/auth/register","time":"2026-03-20T12:11:04+09:00"}
{"ip":"::1","level":"info","method":"POST","msg":"Incoming Request","path":"/api/auth/register","time":"2026-03-20T12:14:20+09:00"}
{"ip":"::1","level":"info","method":"POST","msg":"Incoming Request","path":"/api/auth/login","time":"2026-03-20T12:15:26+09:00"}
{"ip":"::1","level":"info","method":"POST","msg":"Incoming Request","path":"/api/auth/register","time":"2026-03-20T12:15:35+09:00"}
{"ip":"::1","level":"info","method":"POST","msg":"Incoming Request","path":"/api/auth/register","time":"2026-03-20T12:18:37+09:00"}
{"ip":"::1","level":"info","method":"POST","msg":"Incoming Request","path":"/api/auth/register","time":"2026-03-20T12:18:46+09:00"}
{"ip":"::1","level":"info","method":"POST","msg":"Incoming Request","path":"/api/auth/register","time":"2026-03-20T13:00:31+09:00"}
{"ip":"::1","level":"info","method":"POST","msg":"Incoming Request","path":"/api/auth/login","time":"2026-03-20T13:00:40+09:00"}
{"ip":"::1","level":"info","method":"POST","msg":"Incoming Request","path":"/api/auth/register","time":"2026-03-20T13:00:49+09:00"}
{"ip":"::1","level":"info","method":"POST","msg":"Incoming Request","path":"/api/auth/login","time":"2026-03-20T13:01:37+09:00"}
{"ip":"::1","level":"info","method":"POST","msg":"Incoming Request","path":"/api/auth/login","time":"2026-03-20T13:01:42+09:00"}
{"ip":"::1","level":"info","method":"POST","msg":"Incoming Request","path":"/api/auth/register","time":"2026-03-20T13:01:47+09:00"}
{"ip":"::1","level":"info","method":"POST","msg":"Incoming Request","path":"/api/auth/register","time":"2026-03-20T13:02:09+09:00"}
{"ip":"::1","level":"info","method":"POST","msg":"Incoming Request","path":"/api/auth/register","time":"2026-03-20T13:03:26+09:00"}
{"ip":"::1","level":"info","method":"POST","msg":"Incoming Request","path":"/api/auth/register","time":"2026-03-20T13:03:47+09:00"}
{"ip":"::1","level":"info","method":"POST","msg":"Incoming Request","path":"/api/auth/login","time":"2026-03-20T13:04:06+09:00"}
{"ip":"::1","level":"info","method":"GET","msg":"Incoming Request","path":"/api/posts","time":"2026-03-20T13:04:06+09:00"}
{"ip":"::1","level":"info","method":"GET","msg":"Incoming Request","path":"/api/me","time":"2026-03-20T13:04:33+09:00"}
{"ip":"::1","level":"info","method":"POST","msg":"Incoming Request","path":"/api/posts","time":"2026-03-20T13:11:56+09:00"}
{"ip":"::1","level":"info","method":"GET","msg":"Incoming Request","path":"/api/posts","time":"2026-03-20T13:12:23+09:00"}
{"ip":"::1","level":"info","method":"GET","msg":"Incoming Request","path":"/api/posts/1","time":"2026-03-20T13:12:25+09:00"}
{"ip":"::1","level":"info","method":"GET","msg":"Incoming Request","path":"/api/posts","time":"2026-03-20T13:12:29+09:00"}
{"ip":"::1","level":"info","method":"GET","msg":"Incoming Request","path":"/api/posts/1","time":"2026-03-20T13:12:31+09:00"}
{"ip":"::1","level":"info","method":"GET","msg":"Incoming Request","path":"/api/posts/1","time":"2026-03-20T13:12:31+09:00"}
{"ip":"::1","level":"info","method":"GET","msg":"Incoming Request","path":"/api/posts/1","time":"2026-03-20T13:12:35+09:00"}
{"ip":"::1","level":"info","method":"GET","msg":"Incoming Request","path":"/api/posts/1","time":"2026-03-20T13:12:35+09:00"}
{"ip":"::1","level":"info","method":"GET","msg":"Incoming Request","path":"/api/posts/1","time":"2026-03-20T13:12:35+09:00"}
{"ip":"::1","level":"info","method":"GET","msg":"Incoming Request","path":"/api/posts/1","time":"2026-03-20T13:12:35+09:00"}
{"ip":"::1","level":"info","method":"GET","msg":"Incoming Request","path":"/api/posts","time":"2026-03-20T13:12:37+09:00"}
{"ip":"::1","level":"info","method":"GET","msg":"Incoming Request","path":"/api/posts/1","time":"2026-03-20T13:12:38+09:00"}
{"ip":"::1","level":"info","method":"GET","msg":"Incoming Request","path":"/api/posts/1","time":"2026-03-20T13:12:38+09:00"}
{"ip":"::1","level":"info","method":"GET","msg":"Incoming Request","path":"/api/posts/1","time":"2026-03-20T13:12:38+09:00"}
{"ip":"::1","level":"info","method":"GET","msg":"Incoming Request","path":"/api/posts/1","time":"2026-03-20T13:12:40+09:00"}
{"ip":"::1","level":"info","method":"GET","msg":"Incoming Request","path":"/api/posts/1","time":"2026-03-20T13:12:41+09:00"}
{"ip":"::1","level":"info","method":"GET","msg":"Incoming Request","path":"/api/posts","time":"2026-03-20T13:12:46+09:00"}
{"ip":"::1","level":"info","method":"GET","msg":"Incoming Request","path":"/api/posts/1","time":"2026-03-20T13:12:47+09:00"}
{"ip":"::1","level":"info","method":"GET","msg":"Incoming Request","path":"/api/posts","time":"2026-03-20T13:12:48+09:00"}
{"ip":"::1","level":"info","method":"GET","msg":"Incoming Request","path":"/api/posts/1","time":"2026-03-20T13:12:49+09:00"}
{"ip":"::1","level":"info","method":"GET","msg":"Incoming Request","path":"/api/posts","time":"2026-03-20T13:12:51+09:00"}
{"ip":"::1","level":"info","method":"GET","msg":"Incoming Request","path":"/api/posts/1","time":"2026-03-20T13:12:53+09:00"}
{"ip":"::1","level":"info","method":"GET","msg":"Incoming Request","path":"/api/posts","time":"2026-03-20T13:12:53+09:00"}
{"ip":"::1","level":"info","method":"GET","msg":"Incoming Request","path":"/api/posts/1","time":"2026-03-20T13:12:54+09:00"}
{"ip":"::1","level":"info","method":"GET","msg":"Incoming Request","path":"/api/posts/1","time":"2026-03-20T13:13:00+09:00"}
{"ip":"::1","level":"info","method":"GET","msg":"Incoming Request","path":"/api/posts/1","time":"2026-03-20T13:13:09+09:00"}
{"ip":"::1","level":"info","method":"GET","msg":"Incoming Request","path":"/api/posts","time":"2026-03-20T13:13:17+09:00"}
{"ip":"::1","level":"info","method":"GET","msg":"Incoming Request","path":"/api/posts","time":"2026-03-20T13:13:22+09:00"}
{"ip":"::1","level":"info","method":"GET","msg":"Incoming Request","path":"/api/posts/1","time":"2026-03-20T13:13:27+09:00"}
{"ip":"::1","level":"info","method":"GET","msg":"Incoming Request","path":"/api/posts","time":"2026-03-20T13:14:35+09:00"}
{"ip":"::1","level":"info","method":"POST","msg":"Incoming Request","path":"/api/posts","time":"2026-03-20T13:15:27+09:00"}
{"ip":"::1","level":"info","method":"GET","msg":"Incoming Request","path":"/","time":"2026-03-20T13:27:19+09:00"}
{"ip":"::1","level":"info","method":"GET","msg":"Incoming Request","path":"/static/style.css","time":"2026-03-20T13:27:19+09:00"}
{"ip":"::1","level":"info","method":"GET","msg":"Incoming Request","path":"/static/common.js","time":"2026-03-20T13:27:19+09:00"}
{"ip":"::1","level":"info","method":"GET","msg":"Incoming Request","path":"/static/router.js","time":"2026-03-20T13:27:19+09:00"}
{"ip":"::1","level":"info","method":"GET","msg":"Incoming Request","path":"/static/auth.js","time":"2026-03-20T13:27:19+09:00"}
{"ip":"::1","level":"info","method":"GET","msg":"Incoming Request","path":"/static/board.js","time":"2026-03-20T13:27:19+09:00"}
{"ip":"::1","level":"info","method":"GET","msg":"Incoming Request","path":"/static/compose.js","time":"2026-03-20T13:27:19+09:00"}
{"ip":"::1","level":"info","method":"GET","msg":"Incoming Request","path":"/static/post.js","time":"2026-03-20T13:27:19+09:00"}
{"ip":"::1","level":"info","method":"GET","msg":"Incoming Request","path":"/static/account.js","time":"2026-03-20T13:27:19+09:00"}
{"ip":"::1","level":"info","method":"GET","msg":"Incoming Request","path":"/static/banking.js","time":"2026-03-20T13:27:19+09:00"}
{"ip":"::1","level":"info","method":"GET","msg":"Incoming Request","path":"/api/posts/1","time":"2026-03-20T13:27:20+09:00"}
{"ip":"::1","level":"info","method":"GET","msg":"Incoming Request","path":"/api/me","time":"2026-03-20T13:27:22+09:00"}
{"ip":"::1","level":"info","method":"GET","msg":"Incoming Request","path":"/api/me","time":"2026-03-20T13:27:25+09:00"}
{"ip":"::1","level":"info","method":"POST","msg":"Incoming Request","path":"/api/auth/login","time":"2026-03-20T13:27:35+09:00"}
{"ip":"::1","level":"info","method":"GET","msg":"Incoming Request","path":"/api/posts","time":"2026-03-20T13:27:35+09:00"}
{"ip":"::1","level":"info","method":"POST","msg":"Incoming Request","path":"/api/posts","time":"2026-03-20T13:27:52+09:00"}
{"ip":"::1","level":"info","method":"POST","msg":"Incoming Request","path":"/api/posts","time":"2026-03-20T13:30:05+09:00"}
{"ip":"::1","level":"info","method":"POST","msg":"Incoming Request","path":"/api/posts","time":"2026-03-20T13:30:15+09:00"}
{"ip":"::1","level":"info","method":"POST","msg":"Incoming Request","path":"/api/auth/login","time":"2026-03-20T13:30:20+09:00"}
{"ip":"::1","level":"info","method":"GET","msg":"Incoming Request","path":"/api/posts","time":"2026-03-20T13:30:20+09:00"}
{"ip":"::1","level":"info","method":"POST","msg":"Incoming Request","path":"/api/posts","time":"2026-03-20T13:30:23+09:00"}
{"ip":"::1","level":"info","method":"GET","msg":"Incoming Request","path":"/api/posts","time":"2026-03-20T13:30:29+09:00"}
{"ip":"::1","level":"info","method":"GET","msg":"Incoming Request","path":"/api/posts/1","time":"2026-03-20T13:30:30+09:00"}
{"ip":"::1","level":"info","method":"POST","msg":"Incoming Request","path":"/api/posts","time":"2026-03-20T13:30:54+09:00"}
{"ip":"::1","level":"info","method":"GET","msg":"Incoming Request","path":"/api/posts","time":"2026-03-20T13:31:08+09:00"}
{"ip":"::1","level":"info","method":"GET","msg":"Incoming Request","path":"/static/style.css","time":"2026-03-20T13:33:26+09:00"}
{"ip":"::1","level":"info","method":"GET","msg":"Incoming Request","path":"/.well-known/appspecific/com.chrome.devtools.json","time":"2026-03-20T13:33:26+09:00"}
{"ip":"::1","level":"info","method":"GET","msg":"Incoming Request","path":"/api/posts/1","time":"2026-03-20T13:45:40+09:00"}
{"ip":"::1","level":"info","method":"GET","msg":"Incoming Request","path":"/api/posts/1","time":"2026-03-20T13:45:40+09:00"}
{"ip":"::1","level":"info","method":"POST","msg":"Incoming Request","path":"/api/posts","time":"2026-03-20T13:45:47+09:00"}
{"ip":"::1","level":"info","method":"GET","msg":"Incoming Request","path":"/api/posts","time":"2026-03-20T13:45:50+09:00"}
{"ip":"::1","level":"info","method":"GET","msg":"Incoming Request","path":"/api/posts/1","time":"2026-03-20T13:45:55+09:00"}
{"ip":"::1","level":"info","method":"POST","msg":"Incoming Request","path":"/api/auth/login","time":"2026-03-20T13:46:45+09:00"}
{"ip":"::1","level":"info","method":"GET","msg":"Incoming Request","path":"/api/posts","time":"2026-03-20T13:46:45+09:00"}
{"ip":"::1","level":"info","method":"GET","msg":"Incoming Request","path":"/api/posts/1","time":"2026-03-20T13:46:50+09:00"}
{"ip":"::1","level":"info","method":"POST","msg":"Incoming Request","path":"/api/auth/login","time":"2026-03-20T13:47:26+09:00"}
{"ip":"::1","level":"info","method":"GET","msg":"Incoming Request","path":"/api/posts","time":"2026-03-20T13:47:26+09:00"}
{"ip":"::1","level":"info","method":"GET","msg":"Incoming Request","path":"/api/posts","time":"2026-03-20T13:47:45+09:00"}
{"ip":"::1","level":"info","method":"POST","msg":"Incoming Request","path":"/api/auth/login","time":"2026-03-20T13:48:27+09:00"}
{"ip":"::1","level":"info","method":"GET","msg":"Incoming Request","path":"/api/posts","time":"2026-03-20T13:48:27+09:00"}
{"ip":"::1","level":"info","method":"POST","msg":"Incoming Request","path":"/api/auth/login","time":"2026-03-20T13:48:56+09:00"}
{"ip":"::1","level":"info","method":"GET","msg":"Incoming Request","path":"/api/posts","time":"2026-03-20T13:48:56+09:00"}
{"ip":"::1","level":"info","method":"POST","msg":"Incoming Request","path":"/api/auth/login","time":"2026-03-20T13:51:09+09:00"}
{"ip":"::1","level":"info","method":"GET","msg":"Incoming Request","path":"/api/posts","time":"2026-03-20T13:51:09+09:00"}
{"ip":"::1","level":"info","method":"POST","msg":"Incoming Request","path":"/api/auth/login","time":"2026-03-20T13:51:33+09:00"}
{"ip":"::1","level":"info","method":"GET","msg":"Incoming Request","path":"/api/posts","time":"2026-03-20T13:51:33+09:00"}
{"ip":"::1","level":"info","method":"POST","msg":"Incoming Request","path":"/api/auth/login","time":"2026-03-20T13:52:29+09:00"}
{"ip":"::1","level":"info","method":"GET","msg":"Incoming Request","path":"/api/posts","time":"2026-03-20T13:52:29+09:00"}
{"ip":"::1","level":"info","method":"POST","msg":"Incoming Request","path":"/api/auth/login","time":"2026-03-20T13:58:05+09:00"}
{"ip":"::1","level":"info","method":"GET","msg":"Incoming Request","path":"/api/posts","time":"2026-03-20T13:58:06+09:00"}
{"ip":"::1","level":"info","method":"POST","msg":"Incoming Request","path":"/api/auth/login","time":"2026-03-20T13:59:48+09:00"}
{"ip":"::1","level":"info","method":"GET","msg":"Incoming Request","path":"/api/posts","time":"2026-03-20T13:59:48+09:00"}
{"ip":"::1","level":"info","method":"POST","msg":"Incoming Request","path":"/api/auth/login","time":"2026-03-20T14:02:33+09:00"}
{"ip":"::1","level":"info","method":"GET","msg":"Incoming Request","path":"/api/posts","time":"2026-03-20T14:02:33+09:00"}
{"ip":"::1","level":"info","method":"POST","msg":"Incoming Request","path":"/api/auth/login","time":"2026-03-20T14:04:16+09:00"}
{"ip":"::1","level":"info","method":"GET","msg":"Incoming Request","path":"/api/posts","time":"2026-03-20T14:04:16+09:00"}
{"ip":"::1","level":"info","method":"POST","msg":"Incoming Request","path":"/api/auth/login","time":"2026-03-20T14:05:00+09:00"}
{"ip":"::1","level":"info","method":"GET","msg":"Incoming Request","path":"/api/posts","time":"2026-03-20T14:05:00+09:00"}
{"ip":"::1","level":"info","method":"POST","msg":"Incoming Request","path":"/api/auth/login","time":"2026-03-20T14:05:30+09:00"}
{"ip":"::1","level":"info","method":"GET","msg":"Incoming Request","path":"/api/posts","time":"2026-03-20T14:05:30+09:00"}
{"ip":"::1","level":"info","method":"POST","msg":"Incoming Request","path":"/api/auth/login","time":"2026-03-20T14:06:26+09:00"}
{"ip":"::1","level":"info","method":"GET","msg":"Incoming Request","path":"/api/posts","time":"2026-03-20T14:06:26+09:00"}
{"ip":"::1","level":"info","method":"POST","msg":"Incoming Request","path":"/api/auth/login","time":"2026-03-20T14:17:01+09:00"}
{"ip":"::1","level":"info","method":"GET","msg":"Incoming Request","path":"/api/posts","time":"2026-03-20T14:17:01+09:00"}
{"ip":"::1","level":"info","method":"POST","msg":"Incoming Request","path":"/api/auth/login","time":"2026-03-20T14:17:33+09:00"}
{"ip":"::1","level":"info","method":"GET","msg":"Incoming Request","path":"/api/posts","time":"2026-03-20T14:17:33+09:00"}
{"ip":"::1","level":"info","method":"GET","msg":"Incoming Request","path":"/api/posts","time":"2026-03-20T14:17:35+09:00"}
{"ip":"::1","level":"info","method":"POST","msg":"Incoming Request","path":"/api/auth/login","time":"2026-03-20T14:18:06+09:00"}
{"ip":"::1","level":"info","method":"GET","msg":"Incoming Request","path":"/api/posts","time":"2026-03-20T14:18:06+09:00"}
{"ip":"::1","level":"info","method":"POST","msg":"Incoming Request","path":"/api/auth/login","time":"2026-03-20T14:28:13+09:00"}
{"ip":"::1","level":"info","method":"GET","msg":"Incoming Request","path":"/api/posts","time":"2026-03-20T14:28:13+09:00"}
{"ip":"::1","level":"info","method":"POST","msg":"Incoming Request","path":"/api/auth/login","time":"2026-03-20T14:30:08+09:00"}
{"ip":"::1","level":"info","method":"GET","msg":"Incoming Request","path":"/api/posts","time":"2026-03-20T14:30:08+09:00"}
{"ip":"::1","level":"info","method":"POST","msg":"Incoming Request","path":"/api/auth/login","time":"2026-03-20T14:30:23+09:00"}
{"ip":"::1","level":"info","method":"GET","msg":"Incoming Request","path":"/api/posts","time":"2026-03-20T14:30:23+09:00"}
{"ip":"::1","level":"info","method":"POST","msg":"Incoming Request","path":"/api/auth/login","time":"2026-03-20T14:33:45+09:00"}
{"ip":"::1","level":"info","method":"GET","msg":"Incoming Request","path":"/api/posts","time":"2026-03-20T14:33:46+09:00"}
{"ip":"::1","level":"info","method":"POST","msg":"Incoming Request","path":"/api/auth/login","time":"2026-03-20T14:34:40+09:00"}
{"ip":"::1","level":"info","method":"GET","msg":"Incoming Request","path":"/api/posts","time":"2026-03-20T14:34:40+09:00"}
{"ip":"::1","level":"info","method":"POST","msg":"Incoming Request","path":"/api/auth/login","time":"2026-03-20T14:36:00+09:00"}
{"ip":"::1","level":"info","method":"GET","msg":"Incoming Request","path":"/api/posts","time":"2026-03-20T14:36:00+09:00"}
{"ip":"::1","level":"info","method":"POST","msg":"Incoming Request","path":"/api/auth/login","time":"2026-03-20T14:36:28+09:00"}
{"ip":"::1","level":"info","method":"GET","msg":"Incoming Request","path":"/api/posts","time":"2026-03-20T14:36:28+09:00"}
{"ip":"::1","level":"info","method":"POST","msg":"Incoming Request","path":"/api/auth/login","time":"2026-03-20T14:38:36+09:00"}
{"ip":"::1","level":"info","method":"GET","msg":"Incoming Request","path":"/api/posts","time":"2026-03-20T14:38:37+09:00"}
{"ip":"::1","level":"info","method":"POST","msg":"Incoming Request","path":"/api/auth/login","time":"2026-03-20T14:40:16+09:00"}
{"ip":"::1","level":"info","method":"GET","msg":"Incoming Request","path":"/api/posts","time":"2026-03-20T14:40:16+09:00"}
{"ip":"::1","level":"info","method":"POST","msg":"Incoming Request","path":"/api/auth/login","time":"2026-03-20T14:42:43+09:00"}
{"ip":"::1","level":"info","method":"GET","msg":"Incoming Request","path":"/api/posts","time":"2026-03-20T14:42:43+09:00"}
{"ip":"::1","level":"info","method":"POST","msg":"Incoming Request","path":"/api/auth/login","time":"2026-03-20T14:43:03+09:00"}
{"ip":"::1","level":"info","method":"GET","msg":"Incoming Request","path":"/api/posts","time":"2026-03-20T14:43:03+09:00"}
{"ip":"::1","level":"info","method":"POST","msg":"Incoming Request","path":"/api/auth/login","time":"2026-03-20T14:43:49+09:00"}
{"ip":"::1","level":"info","method":"GET","msg":"Incoming Request","path":"/api/posts","time":"2026-03-20T14:43:49+09:00"}
{"ip":"::1","level":"info","method":"POST","msg":"Incoming Request","path":"/api/auth/login","time":"2026-03-20T14:46:08+09:00"}
{"ip":"::1","level":"info","method":"GET","msg":"Incoming Request","path":"/api/posts","time":"2026-03-20T14:46:08+09:00"}
{"ip":"::1","level":"info","method":"POST","msg":"Incoming Request","path":"/api/auth/login","time":"2026-03-20T14:46:45+09:00"}
{"ip":"::1","level":"info","method":"GET","msg":"Incoming Request","path":"/api/posts","time":"2026-03-20T14:46:45+09:00"}
{"ip":"::1","level":"info","method":"GET","msg":"Incoming Request","path":"/api/posts/3","time":"2026-03-20T14:46:48+09:00"}
{"ip":"::1","level":"info","method":"GET","msg":"Incoming Request","path":"/api/posts/1","time":"2026-03-20T14:46:50+09:00"}
{"ip":"::1","level":"info","method":"GET","msg":"Incoming Request","path":"/api/posts/3","time":"2026-03-20T14:46:51+09:00"}
{"ip":"::1","level":"info","method":"GET","msg":"Incoming Request","path":"/api/posts/1","time":"2026-03-20T14:46:51+09:00"}
{"ip":"::1","level":"info","method":"GET","msg":"Incoming Request","path":"/api/posts/3","time":"2026-03-20T14:46:51+09:00"}
{"ip":"::1","level":"info","method":"GET","msg":"Incoming Request","path":"/api/posts/1","time":"2026-03-20T14:46:52+09:00"}
{"ip":"::1","level":"info","method":"POST","msg":"Incoming Request","path":"/api/auth/login","time":"2026-03-20T14:47:42+09:00"}
{"ip":"::1","level":"info","method":"GET","msg":"Incoming Request","path":"/api/posts","time":"2026-03-20T14:47:42+09:00"}
{"ip":"::1","level":"info","method":"POST","msg":"Incoming Request","path":"/api/auth/login","time":"2026-03-20T14:52:37+09:00"}
{"ip":"::1","level":"info","method":"GET","msg":"Incoming Request","path":"/api/posts","time":"2026-03-20T14:52:37+09:00"}
{"ip":"::1","level":"info","method":"POST","msg":"Incoming Request","path":"/api/auth/login","time":"2026-03-20T14:53:36+09:00"}
{"ip":"::1","level":"info","method":"GET","msg":"Incoming Request","path":"/api/posts","time":"2026-03-20T14:53:36+09:00"}
{"ip":"::1","level":"info","method":"POST","msg":"Incoming Request","path":"/api/auth/login","time":"2026-03-20T14:54:26+09:00"}
{"ip":"::1","level":"info","method":"GET","msg":"Incoming Request","path":"/api/posts","time":"2026-03-20T14:54:26+09:00"}
{"ip":"::1","level":"info","method":"POST","msg":"Incoming Request","path":"/api/auth/login","time":"2026-03-20T14:55:07+09:00"}
{"ip":"::1","level":"info","method":"GET","msg":"Incoming Request","path":"/api/posts","time":"2026-03-20T14:55:07+09:00"}
{"ip":"::1","level":"info","method":"GET","msg":"Incoming Request","path":"/api/posts/1","time":"2026-03-20T14:56:04+09:00"}
{"ip":"::1","level":"info","method":"GET","msg":"Incoming Request","path":"/api/posts/2","time":"2026-03-20T14:56:05+09:00"}
{"ip":"::1","level":"info","method":"GET","msg":"Incoming Request","path":"/api/posts/3","time":"2026-03-20T14:56:06+09:00"}
{"ip":"::1","level":"info","method":"GET","msg":"Incoming Request","path":"/api/posts/2","time":"2026-03-20T14:56:07+09:00"}
{"ip":"::1","level":"info","method":"GET","msg":"Incoming Request","path":"/api/posts/1","time":"2026-03-20T14:56:07+09:00"}
{"ip":"::1","level":"info","method":"POST","msg":"Incoming Request","path":"/api/auth/login","time":"2026-03-20T14:56:10+09:00"}
{"ip":"::1","level":"info","method":"GET","msg":"Incoming Request","path":"/api/posts","time":"2026-03-20T14:56:10+09:00"}
{"ip":"::1","level":"info","method":"GET","msg":"Incoming Request","path":"/api/posts/2","time":"2026-03-20T14:56:15+09:00"}
{"ip":"::1","level":"info","method":"GET","msg":"Incoming Request","path":"/api/posts/1","time":"2026-03-20T14:56:17+09:00"}
{"ip":"::1","level":"info","method":"GET","msg":"Incoming Request","path":"/api/posts/1","time":"2026-03-20T14:58:05+09:00"}
{"ip":"::1","level":"info","method":"GET","msg":"Incoming Request","path":"/api/posts/1","time":"2026-03-20T14:58:10+09:00"}
{"ip":"::1","level":"info","method":"GET","msg":"Incoming Request","path":"/api/posts/2","time":"2026-03-20T15:00:10+09:00"}
{"ip":"::1","level":"info","method":"GET","msg":"Incoming Request","path":"/api/posts/3","time":"2026-03-20T15:00:12+09:00"}
{"ip":"::1","level":"info","method":"POST","msg":"Incoming Request","path":"/api/auth/login","time":"2026-03-20T15:14:42+09:00"}
{"ip":"::1","level":"info","method":"GET","msg":"Incoming Request","path":"/api/posts","time":"2026-03-20T15:14:42+09:00"}
{"ip":"::1","level":"info","method":"GET","msg":"Incoming Request","path":"/api/posts/1","time":"2026-03-20T15:14:44+09:00"}
{"ip":"::1","level":"info","method":"GET","msg":"Incoming Request","path":"/api/posts/2","time":"2026-03-20T15:14:45+09:00"}
{"ip":"::1","level":"info","method":"GET","msg":"Incoming Request","path":"/api/posts/3","time":"2026-03-20T15:14:46+09:00"}
{"ip":"::1","level":"info","method":"POST","msg":"Incoming Request","path":"/api/auth/login","time":"2026-03-20T15:14:49+09:00"}
{"ip":"::1","level":"info","method":"GET","msg":"Incoming Request","path":"/api/posts","time":"2026-03-20T15:14:49+09:00"}
{"ip":"::1","level":"info","method":"GET","msg":"Incoming Request","path":"/api/posts/1","time":"2026-03-20T15:14:53+09:00"}
{"ip":"::1","level":"info","method":"GET","msg":"Incoming Request","path":"/api/posts/2","time":"2026-03-20T15:14:55+09:00"}
{"ip":"::1","level":"info","method":"GET","msg":"Incoming Request","path":"/api/posts/3","time":"2026-03-20T15:14:57+09:00"}
{"ip":"::1","level":"info","method":"POST","msg":"Incoming Request","path":"/api/auth/login","time":"2026-03-20T15:15:49+09:00"}
{"ip":"::1","level":"info","method":"GET","msg":"Incoming Request","path":"/api/posts","time":"2026-03-20T15:15:49+09:00"}
{"ip":"::1","level":"info","method":"GET","msg":"Incoming Request","path":"/api/posts/1","time":"2026-03-20T15:15:50+09:00"}
{"ip":"::1","level":"info","method":"GET","msg":"Incoming Request","path":"/api/posts/2","time":"2026-03-20T15:15:51+09:00"}
{"ip":"::1","level":"info","method":"GET","msg":"Incoming Request","path":"/api/posts/3","time":"2026-03-20T15:15:52+09:00"}
{"ip":"::1","level":"info","method":"GET","msg":"Incoming Request","path":"/api/posts/2","time":"2026-03-20T15:15:53+09:00"}
{"ip":"::1","level":"info","method":"GET","msg":"Incoming Request","path":"/api/posts/1","time":"2026-03-20T15:15:53+09:00"}
{"ip":"::1","level":"info","method":"GET","msg":"Incoming Request","path":"/api/posts/1","time":"2026-03-20T15:19:36+09:00"}
{"ip":"::1","level":"info","method":"GET","msg":"Incoming Request","path":"/api/posts","time":"2026-03-20T15:19:42+09:00"}
{"ip":"::1","level":"info","method":"GET","msg":"Incoming Request","path":"/api/posts/2","time":"2026-03-20T15:19:43+09:00"}
{"ip":"::1","level":"info","method":"GET","msg":"Incoming Request","path":"/api/posts/3","time":"2026-03-20T15:19:44+09:00"}
{"ip":"::1","level":"info","method":"GET","msg":"Incoming Request","path":"/api/posts/2","time":"2026-03-20T15:19:45+09:00"}
{"ip":"::1","level":"info","method":"GET","msg":"Incoming Request","path":"/api/posts/3","time":"2026-03-20T15:19:45+09:00"}
{"ip":"::1","level":"info","method":"GET","msg":"Incoming Request","path":"/api/posts/3","time":"2026-03-20T15:19:46+09:00"}
{"ip":"::1","level":"info","method":"PUT","msg":"Incoming Request","path":"/api/posts/3","time":"2026-03-20T15:19:51+09:00"}
{"ip":"::1","level":"info","method":"GET","msg":"Incoming Request","path":"/api/posts","time":"2026-03-20T15:19:54+09:00"}
{"ip":"::1","level":"info","method":"GET","msg":"Incoming Request","path":"/api/posts/3","time":"2026-03-20T15:19:55+09:00"}
{"ip":"::1","level":"info","method":"GET","msg":"Incoming Request","path":"/api/posts/3","time":"2026-03-20T15:19:56+09:00"}
{"ip":"::1","level":"info","method":"PUT","msg":"Incoming Request","path":"/api/posts/3","time":"2026-03-20T15:20:00+09:00"}
{"ip":"::1","level":"info","method":"GET","msg":"Incoming Request","path":"/","time":"2026-03-20T15:20:39+09:00"}
{"ip":"::1","level":"info","method":"GET","msg":"Incoming Request","path":"/static/style.css","time":"2026-03-20T15:20:39+09:00"}
{"ip":"::1","level":"info","method":"GET","msg":"Incoming Request","path":"/static/common.js","time":"2026-03-20T15:20:39+09:00"}
{"ip":"::1","level":"info","method":"GET","msg":"Incoming Request","path":"/static/router.js","time":"2026-03-20T15:20:39+09:00"}
{"ip":"::1","level":"info","method":"GET","msg":"Incoming Request","path":"/static/auth.js","time":"2026-03-20T15:20:39+09:00"}
{"ip":"::1","level":"info","method":"GET","msg":"Incoming Request","path":"/static/board.js","time":"2026-03-20T15:20:39+09:00"}
{"ip":"::1","level":"info","method":"GET","msg":"Incoming Request","path":"/static/compose.js","time":"2026-03-20T15:20:39+09:00"}
{"ip":"::1","level":"info","method":"GET","msg":"Incoming Request","path":"/static/post.js","time":"2026-03-20T15:20:39+09:00"}
{"ip":"::1","level":"info","method":"GET","msg":"Incoming Request","path":"/static/account.js","time":"2026-03-20T15:20:39+09:00"}
{"ip":"::1","level":"info","method":"GET","msg":"Incoming Request","path":"/static/banking.js","time":"2026-03-20T15:20:39+09:00"}
{"ip":"::1","level":"info","method":"GET","msg":"Incoming Request","path":"/api/posts","time":"2026-03-20T15:20:43+09:00"}
{"ip":"::1","level":"info","method":"GET","msg":"Incoming Request","path":"/api/posts/3","time":"2026-03-20T15:20:44+09:00"}
{"ip":"::1","level":"info","method":"GET","msg":"Incoming Request","path":"/api/posts/3","time":"2026-03-20T15:20:46+09:00"}
{"ip":"::1","level":"info","method":"PUT","msg":"Incoming Request","path":"/api/posts/3","time":"2026-03-20T15:20:49+09:00"}
{"ip":"::1","level":"info","method":"POST","msg":"Incoming Request","path":"/api/auth/login","time":"2026-03-20T15:25:03+09:00"}
{"ip":"::1","level":"info","method":"GET","msg":"Incoming Request","path":"/api/posts","time":"2026-03-20T15:25:03+09:00"}
{"ip":"::1","level":"info","method":"GET","msg":"Incoming Request","path":"/api/posts/3","time":"2026-03-20T15:25:04+09:00"}
{"ip":"::1","level":"info","method":"GET","msg":"Incoming Request","path":"/api/posts/3","time":"2026-03-20T15:25:06+09:00"}
{"ip":"::1","level":"info","method":"GET","msg":"Incoming Request","path":"/api/posts/2","time":"2026-03-20T15:25:06+09:00"}
{"ip":"::1","level":"info","method":"GET","msg":"Incoming Request","path":"/api/posts/3","time":"2026-03-20T15:25:07+09:00"}
{"ip":"::1","level":"info","method":"GET","msg":"Incoming Request","path":"/api/posts/3","time":"2026-03-20T15:25:08+09:00"}
{"ip":"::1","level":"info","method":"PUT","msg":"Incoming Request","path":"/api/posts/3","time":"2026-03-20T15:25:12+09:00"}
{"ip":"::1","level":"info","method":"GET","msg":"Incoming Request","path":"/api/posts","time":"2026-03-20T15:25:17+09:00"}
{"ip":"::1","level":"info","method":"GET","msg":"Incoming Request","path":"/api/posts/3","time":"2026-03-20T15:25:18+09:00"}
{"ip":"::1","level":"info","method":"GET","msg":"Incoming Request","path":"/api/posts/2","time":"2026-03-20T15:25:24+09:00"}
{"ip":"::1","level":"info","method":"GET","msg":"Incoming Request","path":"/api/posts/3","time":"2026-03-20T15:25:24+09:00"}
{"ip":"::1","level":"info","method":"POST","msg":"Incoming Request","path":"/api/posts","time":"2026-03-20T15:26:34+09:00"}
{"ip":"::1","level":"info","method":"GET","msg":"Incoming Request","path":"/api/posts","time":"2026-03-20T15:26:44+09:00"}
{"ip":"::1","level":"info","method":"GET","msg":"Incoming Request","path":"/api/posts","time":"2026-03-20T15:26:47+09:00"}
{"ip":"::1","level":"info","method":"GET","msg":"Incoming Request","path":"/api/posts/4","time":"2026-03-20T15:26:48+09:00"}
{"ip":"::1","level":"info","method":"GET","msg":"Incoming Request","path":"/api/posts/3","time":"2026-03-20T15:26:50+09:00"}
{"ip":"::1","level":"info","method":"GET","msg":"Incoming Request","path":"/api/posts/4","time":"2026-03-20T15:26:51+09:00"}
{"ip":"::1","level":"info","method":"GET","msg":"Incoming Request","path":"/api/posts/2","time":"2026-03-20T15:27:14+09:00"}
{"ip":"::1","level":"info","method":"GET","msg":"Incoming Request","path":"/api/posts/1","time":"2026-03-20T15:27:15+09:00"}
{"ip":"::1","level":"info","method":"GET","msg":"Incoming Request","path":"/api/posts/2","time":"2026-03-20T15:27:15+09:00"}
{"ip":"::1","level":"info","method":"GET","msg":"Incoming Request","path":"/api/posts/3","time":"2026-03-20T15:27:16+09:00"}
{"ip":"::1","level":"info","method":"GET","msg":"Incoming Request","path":"/api/posts/4","time":"2026-03-20T15:27:17+09:00"}
{"ip":"::1","level":"info","method":"GET","msg":"Incoming Request","path":"/api/posts/3","time":"2026-03-20T15:27:17+09:00"}
{"ip":"::1","level":"info","method":"POST","msg":"Incoming Request","path":"/api/auth/login","time":"2026-03-20T15:28:03+09:00"}
{"ip":"::1","level":"info","method":"GET","msg":"Incoming Request","path":"/api/posts","time":"2026-03-20T15:28:03+09:00"}
{"ip":"::1","level":"info","method":"GET","msg":"Incoming Request","path":"/api/posts/3","time":"2026-03-20T15:28:05+09:00"}
{"ip":"::1","level":"info","method":"GET","msg":"Incoming Request","path":"/api/posts/3","time":"2026-03-20T15:28:07+09:00"}
{"ip":"::1","level":"info","method":"PUT","msg":"Incoming Request","path":"/api/posts/3","time":"2026-03-20T15:28:09+09:00"}
{"ip":"::1","level":"info","method":"GET","msg":"Incoming Request","path":"/api/posts","time":"2026-03-20T15:28:11+09:00"}
{"ip":"::1","level":"info","method":"GET","msg":"Incoming Request","path":"/api/posts/2","time":"2026-03-20T15:28:12+09:00"}
{"ip":"::1","level":"info","method":"GET","msg":"Incoming Request","path":"/api/posts/3","time":"2026-03-20T15:28:13+09:00"}
{"ip":"::1","level":"info","method":"GET","msg":"Incoming Request","path":"/api/posts/1","time":"2026-03-20T15:28:16+09:00"}
{"ip":"::1","level":"info","method":"GET","msg":"Incoming Request","path":"/api/posts/2","time":"2026-03-20T15:28:16+09:00"}
{"ip":"::1","level":"info","method":"GET","msg":"Incoming Request","path":"/api/posts/3","time":"2026-03-20T15:28:18+09:00"}
{"ip":"::1","level":"info","method":"POST","msg":"Incoming Request","path":"/api/auth/login","time":"2026-03-20T15:28:49+09:00"}
{"ip":"::1","level":"info","method":"GET","msg":"Incoming Request","path":"/api/posts","time":"2026-03-20T15:28:49+09:00"}
{"ip":"::1","level":"info","method":"GET","msg":"Incoming Request","path":"/api/posts/3","time":"2026-03-20T15:28:51+09:00"}
{"ip":"::1","level":"info","method":"GET","msg":"Incoming Request","path":"/api/posts/3","time":"2026-03-20T15:28:52+09:00"}
{"ip":"::1","level":"info","method":"PUT","msg":"Incoming Request","path":"/api/posts/3","time":"2026-03-20T15:28:53+09:00"}
{"ip":"::1","level":"info","method":"GET","msg":"Incoming Request","path":"/api/posts","time":"2026-03-20T15:28:55+09:00"}
{"ip":"::1","level":"info","method":"GET","msg":"Incoming Request","path":"/api/posts/3","time":"2026-03-20T15:28:56+09:00"}
{"ip":"::1","level":"info","method":"GET","msg":"Incoming Request","path":"/api/posts/3","time":"2026-03-20T15:28:57+09:00"}
{"ip":"::1","level":"info","method":"POST","msg":"Incoming Request","path":"/api/auth/login","time":"2026-03-20T15:29:13+09:00"}
{"ip":"::1","level":"info","method":"GET","msg":"Incoming Request","path":"/api/posts","time":"2026-03-20T15:29:13+09:00"}
{"ip":"::1","level":"info","method":"GET","msg":"Incoming Request","path":"/api/posts/3","time":"2026-03-20T15:29:14+09:00"}
{"ip":"::1","level":"info","method":"GET","msg":"Incoming Request","path":"/api/posts/3","time":"2026-03-20T15:29:15+09:00"}
{"ip":"::1","level":"info","method":"PUT","msg":"Incoming Request","path":"/api/posts/3","time":"2026-03-20T15:29:16+09:00"}
{"ip":"::1","level":"info","method":"GET","msg":"Incoming Request","path":"/api/posts","time":"2026-03-20T15:29:17+09:00"}
{"ip":"::1","level":"info","method":"GET","msg":"Incoming Request","path":"/api/posts/3","time":"2026-03-20T15:29:18+09:00"}
{"ip":"::1","level":"info","method":"GET","msg":"Incoming Request","path":"/api/posts/1","time":"2026-03-20T15:29:20+09:00"}
{"ip":"::1","level":"info","method":"GET","msg":"Incoming Request","path":"/api/posts/2","time":"2026-03-20T15:29:20+09:00"}
{"ip":"::1","level":"info","method":"GET","msg":"Incoming Request","path":"/api/posts/3","time":"2026-03-20T15:29:21+09:00"}
{"ip":"::1","level":"info","method":"GET","msg":"Incoming Request","path":"/api/posts/4","time":"2026-03-20T15:29:22+09:00"}
{"ip":"::1","level":"info","method":"GET","msg":"Incoming Request","path":"/api/posts/3","time":"2026-03-20T15:29:22+09:00"}
{"ip":"::1","level":"info","method":"GET","msg":"Incoming Request","path":"/api/posts/4","time":"2026-03-20T15:29:25+09:00"}
{"ip":"::1","level":"info","method":"GET","msg":"Incoming Request","path":"/api/posts/3","time":"2026-03-20T15:29:27+09:00"}
{"ip":"::1","level":"info","method":"GET","msg":"Incoming Request","path":"/api/posts/4","time":"2026-03-20T15:29:27+09:00"}
{"ip":"::1","level":"info","method":"GET","msg":"Incoming Request","path":"/api/posts/3","time":"2026-03-20T15:29:27+09:00"}
{"ip":"::1","level":"info","method":"GET","msg":"Incoming Request","path":"/api/posts/2","time":"2026-03-20T15:29:28+09:00"}
{"ip":"::1","level":"info","method":"GET","msg":"Incoming Request","path":"/api/posts/1","time":"2026-03-20T15:29:28+09:00"}
{"ip":"::1","level":"info","method":"GET","msg":"Incoming Request","path":"/api/posts/4","time":"2026-03-20T15:29:29+09:00"}
{"ip":"::1","level":"info","method":"GET","msg":"Incoming Request","path":"/api/me","time":"2026-03-20T15:30:32+09:00"}
{"ip":"::1","level":"info","method":"GET","msg":"Incoming Request","path":"/api/me","time":"2026-03-20T15:30:41+09:00"}
{"ip":"::1","level":"info","method":"POST","msg":"Incoming Request","path":"/api/banking/deposit","time":"2026-03-20T15:30:55+09:00"}
{"ip":"::1","level":"info","method":"POST","msg":"Incoming Request","path":"/api/banking/deposit","time":"2026-03-20T15:31:09+09:00"}
{"ip":"::1","level":"info","method":"GET","msg":"Incoming Request","path":"/api/me","time":"2026-03-20T15:31:12+09:00"}
{"ip":"::1","level":"info","method":"GET","msg":"Incoming Request","path":"/api/me","time":"2026-03-20T15:31:13+09:00"}
{"ip":"::1","level":"info","method":"GET","msg":"Incoming Request","path":"/api/posts","time":"2026-03-20T15:31:17+09:00"}
{"ip":"::1","level":"info","method":"GET","msg":"Incoming Request","path":"/api/me","time":"2026-03-20T15:31:42+09:00"}
{"ip":"::1","level":"info","method":"GET","msg":"Incoming Request","path":"/api/posts","time":"2026-03-20T15:31:46+09:00"}
{"ip":"::1","level":"info","method":"POST","msg":"Incoming Request","path":"/api/auth/login","time":"2026-03-20T15:32:39+09:00"}
{"ip":"::1","level":"info","method":"POST","msg":"Incoming Request","path":"/api/auth/register","time":"2026-03-20T15:32:56+09:00"}
{"ip":"::1","level":"info","method":"POST","msg":"Incoming Request","path":"/api/auth/login","time":"2026-03-20T15:33:08+09:00"}
{"ip":"::1","level":"info","method":"GET","msg":"Incoming Request","path":"/api/posts","time":"2026-03-20T15:33:08+09:00"}
{"ip":"::1","level":"info","method":"GET","msg":"Incoming Request","path":"/api/posts/4","time":"2026-03-20T15:33:11+09:00"}
{"ip":"::1","level":"info","method":"GET","msg":"Incoming Request","path":"/api/posts/4","time":"2026-03-20T15:33:14+09:00"}
{"ip":"::1","level":"info","method":"GET","msg":"Incoming Request","path":"/api/posts","time":"2026-03-20T15:33:15+09:00"}
{"ip":"::1","level":"info","method":"GET","msg":"Incoming Request","path":"/api/posts/4","time":"2026-03-20T15:33:18+09:00"}
{"ip":"::1","level":"info","method":"GET","msg":"Incoming Request","path":"/api/me","time":"2026-03-20T15:33:19+09:00"}
{"ip":"::1","level":"info","method":"GET","msg":"Incoming Request","path":"/api/posts/4","time":"2026-03-20T15:33:21+09:00"}
{"ip":"::1","level":"info","method":"GET","msg":"Incoming Request","path":"/api/me","time":"2026-03-20T15:33:22+09:00"}
{"ip":"::1","level":"info","method":"GET","msg":"Incoming Request","path":"/api/posts","time":"2026-03-20T15:33:25+09:00"}
{"ip":"::1","level":"info","method":"POST","msg":"Incoming Request","path":"/api/auth/login","time":"2026-03-20T15:33:53+09:00"}
{"ip":"::1","level":"info","method":"POST","msg":"Incoming Request","path":"/api/auth/login","time":"2026-03-20T15:33:58+09:00"}
{"ip":"::1","level":"info","method":"GET","msg":"Incoming Request","path":"/api/posts","time":"2026-03-20T15:33:58+09:00"}
{"ip":"::1","level":"info","method":"GET","msg":"Incoming Request","path":"/api/posts/4","time":"2026-03-20T15:34:01+09:00"}
{"ip":"::1","level":"info","method":"GET","msg":"Incoming Request","path":"/api/posts/4","time":"2026-03-20T15:34:03+09:00"}
{"ip":"::1","level":"info","method":"POST","msg":"Incoming Request","path":"/api/auth/login","time":"2026-03-20T15:35:43+09:00"}
{"ip":"::1","level":"info","method":"GET","msg":"Incoming Request","path":"/api/posts","time":"2026-03-20T15:35:43+09:00"}
{"ip":"::1","level":"info","method":"GET","msg":"Incoming Request","path":"/api/posts/4","time":"2026-03-20T15:35:44+09:00"}
{"ip":"::1","level":"info","method":"GET","msg":"Incoming Request","path":"/api/posts/4","time":"2026-03-20T15:35:45+09:00"}
{"ip":"::1","level":"info","method":"DELETE","msg":"Incoming Request","path":"/api/posts/4","time":"2026-03-20T15:35:46+09:00"}
{"ip":"::1","level":"info","method":"GET","msg":"Incoming Request","path":"/api/posts","time":"2026-03-20T15:35:46+09:00"}
{"ip":"::1","level":"info","method":"GET","msg":"Incoming Request","path":"/api/posts","time":"2026-03-20T15:36:41+09:00"}
{"ip":"::1","level":"info","method":"GET","msg":"Incoming Request","path":"/api/posts/3","time":"2026-03-20T15:36:42+09:00"}
{"ip":"::1","level":"info","method":"GET","msg":"Incoming Request","path":"/api/posts/2","time":"2026-03-20T15:36:43+09:00"}
{"ip":"::1","level":"info","method":"GET","msg":"Incoming Request","path":"/api/posts/1","time":"2026-03-20T15:36:43+09:00"}
{"ip":"::1","level":"info","method":"GET","msg":"Incoming Request","path":"/api/posts","time":"2026-03-20T15:36:45+09:00"}
{"ip":"::1","level":"info","method":"GET","msg":"Incoming Request","path":"/api/posts/1","time":"2026-03-20T15:36:46+09:00"}
{"ip":"::1","level":"info","method":"GET","msg":"Incoming Request","path":"/api/me","time":"2026-03-20T15:36:53+09:00"}
{"ip":"::1","level":"info","method":"GET","msg":"Incoming Request","path":"/api/me","time":"2026-03-20T15:38:09+09:00"}
{"ip":"::1","level":"info","method":"POST","msg":"Incoming Request","path":"/api/auth/logout","time":"2026-03-20T15:38:50+09:00"}
{"ip":"::1","level":"info","method":"POST","msg":"Incoming Request","path":"/api/auth/login","time":"2026-03-20T15:38:52+09:00"}
{"ip":"::1","level":"info","method":"GET","msg":"Incoming Request","path":"/api/posts","time":"2026-03-20T15:38:52+09:00"}
{"ip":"::1","level":"info","method":"GET","msg":"Incoming Request","path":"/api/me","time":"2026-03-20T15:38:54+09:00"}
{"ip":"::1","level":"info","method":"POST","msg":"Incoming Request","path":"/api/auth/logout","time":"2026-03-20T15:38:54+09:00"}
{"ip":"::1","level":"info","method":"GET","msg":"Incoming Request","path":"/api/me","time":"2026-03-20T15:38:56+09:00"}
{"ip":"::1","level":"info","method":"POST","msg":"Incoming Request","path":"/api/auth/logout","time":"2026-03-20T15:38:58+09:00"}
{"ip":"::1","level":"info","method":"POST","msg":"Incoming Request","path":"/api/auth/logout","time":"2026-03-20T15:38:59+09:00"}
{"ip":"::1","level":"info","method":"POST","msg":"Incoming Request","path":"/api/auth/logout","time":"2026-03-20T15:39:00+09:00"}
{"ip":"::1","level":"info","method":"POST","msg":"Incoming Request","path":"/api/auth/login","time":"2026-03-20T15:39:08+09:00"}
{"ip":"::1","level":"info","method":"GET","msg":"Incoming Request","path":"/api/posts","time":"2026-03-20T15:39:08+09:00"}
{"ip":"::1","level":"info","method":"GET","msg":"Incoming Request","path":"/api/me","time":"2026-03-20T15:39:09+09:00"}
{"ip":"::1","level":"info","method":"POST","msg":"Incoming Request","path":"/api/auth/login","time":"2026-03-20T15:41:45+09:00"}
{"ip":"::1","level":"info","method":"GET","msg":"Incoming Request","path":"/api/posts","time":"2026-03-20T15:41:45+09:00"}
{"ip":"::1","level":"info","method":"GET","msg":"Incoming Request","path":"/api/me","time":"2026-03-20T15:41:48+09:00"}
{"ip":"::1","level":"info","method":"POST","msg":"Incoming Request","path":"/api/auth/withdraw","time":"2026-03-20T15:42:07+09:00"}
{"ip":"::1","level":"info","method":"POST","msg":"Incoming Request","path":"/api/auth/withdraw","time":"2026-03-20T15:42:12+09:00"}
{"ip":"::1","level":"info","method":"POST","msg":"Incoming Request","path":"/api/auth/withdraw","time":"2026-03-20T15:42:24+09:00"}
{"ip":"::1","level":"info","method":"POST","msg":"Incoming Request","path":"/api/auth/login","time":"2026-03-20T15:42:31+09:00"}
{"ip":"::1","level":"info","method":"GET","msg":"Incoming Request","path":"/api/posts","time":"2026-03-20T15:42:31+09:00"}
{"ip":"::1","level":"info","method":"GET","msg":"Incoming Request","path":"/api/me","time":"2026-03-20T15:42:32+09:00"}
{"ip":"::1","level":"info","method":"POST","msg":"Incoming Request","path":"/api/auth/login","time":"2026-03-20T15:44:48+09:00"}
{"ip":"::1","level":"info","method":"GET","msg":"Incoming Request","path":"/api/posts","time":"2026-03-20T15:44:48+09:00"}
{"ip":"::1","level":"info","method":"GET","msg":"Incoming Request","path":"/api/me","time":"2026-03-20T15:44:52+09:00"}
{"ip":"::1","level":"info","method":"POST","msg":"Incoming Request","path":"/api/auth/withdraw","time":"2026-03-20T15:44:55+09:00"}
{"ip":"::1","level":"info","method":"POST","msg":"Incoming Request","path":"/api/auth/login","time":"2026-03-20T15:51:04+09:00"}
{"ip":"::1","level":"info","method":"POST","msg":"Incoming Request","path":"/api/auth/login","time":"2026-03-20T15:51:12+09:00"}
{"ip":"::1","level":"info","method":"GET","msg":"Incoming Request","path":"/api/posts","time":"2026-03-20T15:51:13+09:00"}
{"ip":"::1","level":"info","method":"POST","msg":"Incoming Request","path":"/api/auth/register","time":"2026-03-20T15:51:16+09:00"}
{"ip":"::1","level":"info","method":"POST","msg":"Incoming Request","path":"/api/auth/login","time":"2026-03-20T15:51:21+09:00"}
{"ip":"::1","level":"info","method":"GET","msg":"Incoming Request","path":"/api/posts","time":"2026-03-20T15:51:21+09:00"}
{"ip":"::1","level":"info","method":"POST","msg":"Incoming Request","path":"/api/posts","time":"2026-03-20T15:51:25+09:00"}
{"ip":"::1","level":"info","method":"GET","msg":"Incoming Request","path":"/api/posts","time":"2026-03-20T15:51:26+09:00"}
{"ip":"::1","level":"info","method":"GET","msg":"Incoming Request","path":"/api/posts/5","time":"2026-03-20T15:51:27+09:00"}
{"ip":"::1","level":"info","method":"GET","msg":"Incoming Request","path":"/api/me","time":"2026-03-20T15:51:29+09:00"}
{"ip":"::1","level":"info","method":"POST","msg":"Incoming Request","path":"/api/auth/withdraw","time":"2026-03-20T15:51:32+09:00"}
{"ip":"::1","level":"info","method":"GET","msg":"Incoming Request","path":"/api/me","time":"2026-03-20T15:51:39+09:00"}
{"ip":"::1","level":"info","method":"POST","msg":"Incoming Request","path":"/api/auth/logout","time":"2026-03-20T15:51:40+09:00"}
{"ip":"::1","level":"info","method":"POST","msg":"Incoming Request","path":"/api/auth/login","time":"2026-03-20T15:51:42+09:00"}
{"ip":"::1","level":"info","method":"GET","msg":"Incoming Request","path":"/api/posts","time":"2026-03-20T15:51:42+09:00"}
{"ip":"::1","level":"info","method":"GET","msg":"Incoming Request","path":"/api/posts/5","time":"2026-03-20T15:51:44+09:00"}
{"ip":"::1","level":"info","method":"GET","msg":"Incoming Request","path":"/api/me","time":"2026-03-20T15:51:44+09:00"}
{"ip":"::1","level":"info","method":"POST","msg":"Incoming Request","path":"/api/auth/withdraw","time":"2026-03-20T15:51:48+09:00"}
{"ip":"::1","level":"info","method":"POST","msg":"Incoming Request","path":"/api/auth/login","time":"2026-03-20T15:52:27+09:00"}
{"ip":"::1","level":"info","method":"GET","msg":"Incoming Request","path":"/api/posts","time":"2026-03-20T15:52:27+09:00"}
{"ip":"::1","level":"info","method":"GET","msg":"Incoming Request","path":"/api/me","time":"2026-03-20T15:52:34+09:00"}
{"ip":"::1","level":"info","method":"POST","msg":"Incoming Request","path":"/api/auth/withdraw","time":"2026-03-20T15:52:37+09:00"}
{"ip":"::1","level":"info","method":"POST","msg":"Incoming Request","path":"/api/auth/login","time":"2026-03-20T15:53:27+09:00"}
{"ip":"::1","level":"info","method":"GET","msg":"Incoming Request","path":"/api/posts","time":"2026-03-20T15:53:27+09:00"}
{"ip":"::1","level":"info","method":"GET","msg":"Incoming Request","path":"/api/me","time":"2026-03-20T15:53:28+09:00"}
{"ip":"::1","level":"info","method":"POST","msg":"Incoming Request","path":"/api/auth/withdraw","time":"2026-03-20T15:53:29+09:00"}
{"ip":"::1","level":"info","method":"POST","msg":"Incoming Request","path":"/api/auth/login","time":"2026-03-20T15:54:29+09:00"}
{"ip":"::1","level":"info","method":"GET","msg":"Incoming Request","path":"/api/posts","time":"2026-03-20T15:54:29+09:00"}
{"ip":"::1","level":"info","method":"GET","msg":"Incoming Request","path":"/api/me","time":"2026-03-20T15:54:30+09:00"}
{"ip":"::1","level":"info","method":"POST","msg":"Incoming Request","path":"/api/auth/withdraw","time":"2026-03-20T15:54:31+09:00"}
{"ip":"::1","level":"info","method":"POST","msg":"Incoming Request","path":"/api/auth/login","time":"2026-03-20T15:55:09+09:00"}
{"ip":"::1","level":"info","method":"GET","msg":"Incoming Request","path":"/api/posts","time":"2026-03-20T15:55:09+09:00"}
{"ip":"::1","level":"info","method":"GET","msg":"Incoming Request","path":"/api/me","time":"2026-03-20T15:55:10+09:00"}
{"ip":"::1","level":"info","method":"POST","msg":"Incoming Request","path":"/api/auth/withdraw","time":"2026-03-20T15:55:11+09:00"}
{"ip":"::1","level":"info","method":"POST","msg":"Incoming Request","path":"/api/auth/login","time":"2026-03-20T15:55:50+09:00"}
{"ip":"::1","level":"info","method":"GET","msg":"Incoming Request","path":"/api/posts","time":"2026-03-20T15:55:50+09:00"}
{"ip":"::1","level":"info","method":"GET","msg":"Incoming Request","path":"/api/me","time":"2026-03-20T15:55:51+09:00"}
{"ip":"::1","level":"info","method":"POST","msg":"Incoming Request","path":"/api/auth/withdraw","time":"2026-03-20T15:55:52+09:00"}
{"ip":"::1","level":"info","method":"POST","msg":"Incoming Request","path":"/api/auth/login","time":"2026-03-20T15:59:03+09:00"}
{"ip":"::1","level":"info","method":"GET","msg":"Incoming Request","path":"/api/posts","time":"2026-03-20T15:59:03+09:00"}
{"ip":"::1","level":"info","method":"GET","msg":"Incoming Request","path":"/api/me","time":"2026-03-20T15:59:04+09:00"}
{"ip":"::1","level":"info","method":"POST","msg":"Incoming Request","path":"/api/auth/withdraw","time":"2026-03-20T15:59:05+09:00"}
{"ip":"::1","level":"info","method":"GET","msg":"Incoming Request","path":"/api/posts/5","time":"2026-03-20T15:59:30+09:00"}
{"ip":"::1","level":"info","method":"GET","msg":"Incoming Request","path":"/api/me","time":"2026-03-20T15:59:31+09:00"}
{"ip":"::1","level":"info","method":"POST","msg":"Incoming Request","path":"/api/auth/withdraw","time":"2026-03-20T15:59:32+09:00"}
{"ip":"::1","level":"info","method":"POST","msg":"Incoming Request","path":"/api/auth/login","time":"2026-03-20T15:59:40+09:00"}
{"ip":"::1","level":"info","method":"GET","msg":"Incoming Request","path":"/api/posts","time":"2026-03-20T15:59:40+09:00"}
{"ip":"::1","level":"info","method":"GET","msg":"Incoming Request","path":"/api/me","time":"2026-03-20T15:59:41+09:00"}
{"ip":"::1","level":"info","method":"POST","msg":"Incoming Request","path":"/api/auth/withdraw","time":"2026-03-20T15:59:41+09:00"}
{"ip":"::1","level":"info","method":"POST","msg":"Incoming Request","path":"/api/auth/login","time":"2026-03-20T16:00:11+09:00"}
{"ip":"::1","level":"info","method":"GET","msg":"Incoming Request","path":"/api/posts","time":"2026-03-20T16:00:11+09:00"}
{"ip":"::1","level":"info","method":"GET","msg":"Incoming Request","path":"/api/me","time":"2026-03-20T16:00:13+09:00"}
{"ip":"::1","level":"info","method":"POST","msg":"Incoming Request","path":"/api/auth/withdraw","time":"2026-03-20T16:00:14+09:00"}
{"ip":"::1","level":"info","method":"POST","msg":"Incoming Request","path":"/api/auth/withdraw","time":"2026-03-20T16:00:25+09:00"}
{"ip":"::1","level":"info","method":"POST","msg":"Incoming Request","path":"/api/auth/login","time":"2026-03-20T16:00:27+09:00"}
{"ip":"::1","level":"info","method":"GET","msg":"Incoming Request","path":"/api/posts","time":"2026-03-20T16:00:27+09:00"}
{"ip":"::1","level":"info","method":"GET","msg":"Incoming Request","path":"/api/me","time":"2026-03-20T16:00:48+09:00"}
{"ip":"::1","level":"info","method":"POST","msg":"Incoming Request","path":"/api/auth/withdraw","time":"2026-03-20T16:00:49+09:00"}
{"ip":"::1","level":"info","method":"POST","msg":"Incoming Request","path":"/api/auth/login","time":"2026-03-20T16:00:57+09:00"}
{"ip":"::1","level":"info","method":"GET","msg":"Incoming Request","path":"/api/posts","time":"2026-03-20T16:00:57+09:00"}
{"ip":"::1","level":"info","method":"GET","msg":"Incoming Request","path":"/api/me","time":"2026-03-20T16:00:58+09:00"}
{"ip":"::1","level":"info","method":"POST","msg":"Incoming Request","path":"/api/auth/withdraw","time":"2026-03-20T16:01:00+09:00"}
{"ip":"::1","level":"info","method":"POST","msg":"Incoming Request","path":"/api/auth/login","time":"2026-03-20T16:01:05+09:00"}
{"ip":"::1","level":"info","method":"POST","msg":"Incoming Request","path":"/api/auth/login","time":"2026-03-20T16:02:09+09:00"}
{"ip":"::1","level":"info","method":"GET","msg":"Incoming Request","path":"/api/posts","time":"2026-03-20T16:02:09+09:00"}
{"ip":"::1","level":"info","method":"POST","msg":"Incoming Request","path":"/api/banking/deposit","time":"2026-03-20T16:02:13+09:00"}
{"ip":"::1","level":"info","method":"GET","msg":"Incoming Request","path":"/api/me","time":"2026-03-20T16:02:15+09:00"}
{"ip":"::1","level":"info","method":"POST","msg":"Incoming Request","path":"/api/banking/deposit","time":"2026-03-20T16:28:25+09:00"}
{"ip":"::1","level":"info","method":"POST","msg":"Incoming Request","path":"/api/auth/login","time":"2026-03-20T16:41:46+09:00"}
{"ip":"::1","level":"info","method":"GET","msg":"Incoming Request","path":"/api/posts","time":"2026-03-20T16:41:46+09:00"}
{"ip":"::1","level":"info","method":"GET","msg":"Incoming Request","path":"/api/me","time":"2026-03-20T16:41:47+09:00"}
{"ip":"::1","level":"info","method":"POST","msg":"Incoming Request","path":"/api/banking/deposit","time":"2026-03-20T16:41:50+09:00"}
{"ip":"::1","level":"info","method":"GET","msg":"Incoming Request","path":"/api/me","time":"2026-03-20T16:42:03+09:00"}
{"ip":"::1","level":"info","method":"POST","msg":"Incoming Request","path":"/api/auth/login","time":"2026-03-20T16:42:31+09:00"}
{"ip":"::1","level":"info","method":"GET","msg":"Incoming Request","path":"/api/posts","time":"2026-03-20T16:42:31+09:00"}
{"ip":"::1","level":"info","method":"POST","msg":"Incoming Request","path":"/api/banking/deposit","time":"2026-03-20T16:42:42+09:00"}
{"ip":"::1","level":"info","method":"GET","msg":"Incoming Request","path":"/api/me","time":"2026-03-20T16:42:50+09:00"}
{"ip":"::1","level":"info","method":"GET","msg":"Incoming Request","path":"/api/me","time":"2026-03-20T16:42:53+09:00"}
{"ip":"::1","level":"info","method":"GET","msg":"Incoming Request","path":"/api/me","time":"2026-03-20T16:42:54+09:00"}
{"ip":"::1","level":"info","method":"GET","msg":"Incoming Request","path":"/api/me","time":"2026-03-20T16:42:54+09:00"}
{"ip":"::1","level":"info","method":"GET","msg":"Incoming Request","path":"/api/me","time":"2026-03-20T16:42:55+09:00"}
{"ip":"::1","level":"info","method":"GET","msg":"Incoming Request","path":"/api/me","time":"2026-03-20T16:42:55+09:00"}
{"ip":"::1","level":"info","method":"GET","msg":"Incoming Request","path":"/api/me","time":"2026-03-20T16:42:55+09:00"}
{"ip":"::1","level":"info","method":"GET","msg":"Incoming Request","path":"/api/me","time":"2026-03-20T16:42:55+09:00"}
{"ip":"::1","level":"info","method":"GET","msg":"Incoming Request","path":"/api/me","time":"2026-03-20T16:42:55+09:00"}
